<?xml version="1.0" encoding="UTF-8"?>
<testsuite name="CalculateArea.CircleTest" tests="4" skipped="0" failures="0" errors="0" timestamp="2020-01-16T06:53:02" hostname="Merrys-MacBook-Pro.local" time="0.003">
  <properties/>
  <testcase name="typeOfCircleIsCircle()" classname="CalculateArea.CircleTest" time="0.001"/>
  <testcase name="areaOfCircleWithRadiusOneTest()" classname="CalculateArea.CircleTest" time="0.0"/>
  <testcase name="circleStoresRadiusCorrectly()" classname="CalculateArea.CircleTest" time="0.0"/>
  <testcase name="areaOfCircleWithRadiusZeroTest()" classname="CalculateArea.CircleTest" time="0.0"/>
  <system-out><![CDATA[]]></system-out>
  <system-err><![CDATA[]]></system-err>
</testsuite>
