<?xml version="1.0" encoding="UTF-8"?>
<testsuite name="CalculateArea.TriangleTest" tests="4" skipped="0" failures="0" errors="0" timestamp="2020-01-16T03:16:58" hostname="Merrys-MacBook-Pro.local" time="0.004">
  <properties/>
  <testcase name="triangleStoresSideCorrectly()" classname="CalculateArea.TriangleTest" time="0.0"/>
  <testcase name="typeOfTriangleIsTriangle()" classname="CalculateArea.TriangleTest" time="0.0"/>
  <testcase name="areaOfTriangleWithSidesOneTest()" classname="CalculateArea.TriangleTest" time="0.0"/>
  <testcase name="areaOfTriangleWithSidesZeroTest()" classname="CalculateArea.TriangleTest" time="0.001"/>
  <system-out><![CDATA[]]></system-out>
  <system-err><![CDATA[]]></system-err>
</testsuite>
