<?xml version="1.0" encoding="UTF-8"?>
<testsuite name="CalculateArea.SquareTest" tests="5" skipped="0" failures="0" errors="0" timestamp="2020-01-16T03:16:58" hostname="Merrys-MacBook-Pro.local" time="0.019">
  <properties/>
  <testcase name="areaOfSquareWithSidesTwoPointThree()" classname="CalculateArea.SquareTest" time="0.013"/>
  <testcase name="areaOfSquareWithSidesZeroTest()" classname="CalculateArea.SquareTest" time="0.001"/>
  <testcase name="squareStoresSideCorrectly()" classname="CalculateArea.SquareTest" time="0.0"/>
  <testcase name="typeOfSquareisSquare()" classname="CalculateArea.SquareTest" time="0.001"/>
  <testcase name="areaOfSquareWithSidesOneTest()" classname="CalculateArea.SquareTest" time="0.001"/>
  <system-out><![CDATA[Line 15 findAreaOf 2.3
Line 18 findAreaOf 5.2899997806549095
In formattedRoundArea 5.29
Line 20 findAreaOf 5.29
Line 21 findAreaOf, floatValue of area 5.29
In areaOfSquareWithSidesTwoPointThree 5.29
Line 15 findAreaOf 2.3
Line 18 findAreaOf 5.2899997806549095
In formattedRoundArea 5.29
Line 20 findAreaOf 5.29
Line 21 findAreaOf, floatValue of area 5.29
Line 15 findAreaOf 0.0
Line 18 findAreaOf 0.0
In formattedRoundArea 0.0
Line 20 findAreaOf 0.0
Line 21 findAreaOf, floatValue of area 0.0
Line 15 findAreaOf 1.0
Line 18 findAreaOf 1.0
In formattedRoundArea 1.0
Line 20 findAreaOf 1.0
Line 21 findAreaOf, floatValue of area 1.0
]]></system-out>
  <system-err><![CDATA[]]></system-err>
</testsuite>
