<?xml version="1.0" encoding="UTF-8"?>
<testsuite name="CalculateArea.TriangleTest" tests="8" skipped="0" failures="0" errors="0" timestamp="2020-01-16T06:53:02" hostname="Merrys-MacBook-Pro.local" time="0.007">
  <properties/>
  <testcase name="triangleStoresSideCorrectly()" classname="CalculateArea.TriangleTest" time="0.001"/>
  <testcase name="formattedRoundArea()" classname="CalculateArea.TriangleTest" time="0.0"/>
  <testcase name="getArea()" classname="CalculateArea.TriangleTest" time="0.0"/>
  <testcase name="getSide()" classname="CalculateArea.TriangleTest" time="0.001"/>
  <testcase name="typeOfTriangleIsTriangle()" classname="CalculateArea.TriangleTest" time="0.0"/>
  <testcase name="heuronsFormula()" classname="CalculateArea.TriangleTest" time="0.0"/>
  <testcase name="areaOfTriangleWithSidesOneTest()" classname="CalculateArea.TriangleTest" time="0.001"/>
  <testcase name="areaOfTriangleWithSidesZeroTest()" classname="CalculateArea.TriangleTest" time="0.001"/>
  <system-out><![CDATA[]]></system-out>
  <system-err><![CDATA[]]></system-err>
</testsuite>
